<?xml version="1.0" encoding="utf-8"?><testsuites name="pytest tests"><testsuite name="pytest" errors="0" failures="0" skipped="0" tests="19" time="10.248" timestamp="2026-03-19T17:30:01.128234+00:00" hostname="agent-env-53e2386b-db87-4963-8659-38fce7f68331"><testcase classname="backend.tests.test_phase4.TestAdminUserManagement" name="test_admin_login" time="0.562" /><testcase classname="backend.tests.test_phase4.TestAdminUserManagement" name="test_admin_can_list_users" time="0.430" /><testcase classname="backend.tests.test_phase4.TestAdminUserManagement" name="test_admin_can_create_visitor_user" time="0.631" /><testcase classname="backend.tests.test_phase4.TestAdminUserManagement" name="test_visitor_login" time="0.343" /><testcase classname="backend.tests.test_phase4.TestVisitorEndpoints" name="test_visitor_can_list_events" time="0.399" /><testcase classname="backend.tests.test_phase4.TestVisitorEndpoints" name="test_visitor_can_view_event_details" time="0.450" /><testcase classname="backend.tests.test_phase4.TestVisitorEndpoints" name="test_visitor_can_view_guests" time="0.492" /><testcase classname="backend.tests.test_phase4.TestVisitorEndpoints" name="test_visitor_can_view_seating" time="0.440" /><testcase classname="backend.tests.test_phase4.TestVisitorEndpoints" name="test_visitor_can_view_menu" time="0.477" /><testcase classname="backend.tests.test_phase4.TestMenuCRUD" name="test_create_menu_item_food" time="0.605" /><testcase classname="backend.tests.test_phase4.TestMenuCRUD" name="test_create_menu_item_drink" time="0.533" /><testcase classname="backend.tests.test_phase4.TestMenuCRUD" name="test_list_menu_items" time="0.482" /><testcase classname="backend.tests.test_phase4.TestMenuCRUD" name="test_update_menu_item" time="0.557" /><testcase classname="backend.tests.test_phase4.TestMenuCRUD" name="test_delete_menu_item" time="0.665" /><testcase classname="backend.tests.test_phase4.TestGuestNewFields" name="test_create_guest_with_new_fields" time="0.585" /><testcase classname="backend.tests.test_phase4.TestGuestNewFields" name="test_update_guest_new_fields" time="0.596" /><testcase classname="backend.tests.test_phase4.TestStaffManagement" name="test_create_staff_member" time="0.594" /><testcase classname="backend.tests.test_phase4.TestStaffManagement" name="test_staff_separated_from_guests" time="0.646" /><testcase classname="backend.tests.test_phase4.TestCheckinEndpoint" name="test_toggle_checkin" time="0.553" /></testsuite></testsuites>