<?xml version="1.0" encoding="utf-8"?><testsuites name="pytest tests"><testsuite name="pytest" errors="0" failures="0" skipped="0" tests="16" time="5.142" timestamp="2026-03-19T16:32:28.651385+00:00" hostname="agent-env-f75d7b02-73e4-480c-b2eb-a6369f2e85f6"><testcase classname="backend.tests.test_iteration2.TestAuth" name="test_login_admin_success" time="0.567" /><testcase classname="backend.tests.test_iteration2.TestAuth" name="test_login_invalid_credentials" time="0.108" /><testcase classname="backend.tests.test_iteration2.TestAuth" name="test_register_endpoint_removed" time="0.146" /><testcase classname="backend.tests.test_iteration2.TestAuth" name="test_me_endpoint" time="0.783" /><testcase classname="backend.tests.test_iteration2.TestAdmin" name="test_admin_list_users" time="0.143" /><testcase classname="backend.tests.test_iteration2.TestAdmin" name="test_admin_create_user" time="0.576" /><testcase classname="backend.tests.test_iteration2.TestAdmin" name="test_new_user_can_login" time="0.342" /><testcase classname="backend.tests.test_iteration2.TestAdmin" name="test_admin_reset_password" time="0.729" /><testcase classname="backend.tests.test_iteration2.TestAdmin" name="test_non_admin_cannot_access_admin" time="0.428" /><testcase classname="backend.tests.test_iteration2.TestAdmin" name="test_admin_delete_user" time="0.141" /><testcase classname="backend.tests.test_iteration2.TestGuestsNewFields" name="test_create_event" time="0.110" /><testcase classname="backend.tests.test_iteration2.TestGuestsNewFields" name="test_add_erwachsener_guest" time="0.113" /><testcase classname="backend.tests.test_iteration2.TestGuestsNewFields" name="test_add_kind_guest" time="0.172" /><testcase classname="backend.tests.test_iteration2.TestGuestsNewFields" name="test_add_guest_with_companion" time="0.248" /><testcase classname="backend.tests.test_iteration2.TestGuestsNewFields" name="test_update_guest" time="0.252" /><testcase classname="backend.tests.test_iteration2.TestGuestsNewFields" name="test_cleanup_event" time="0.121" /></testsuite></testsuites>