<?xml version="1.0" encoding="utf-8"?><testsuites name="pytest tests"><testsuite name="pytest" errors="0" failures="0" skipped="0" tests="11" time="5.173" timestamp="2026-03-20T08:47:53.112013+00:00" hostname="agent-env-4cd2dac5-68d8-4f4f-a2d7-1ec50d3d10be"><testcase classname="backend.tests.test_phase5_features.TestEmailTemplatesCRUD" name="test_list_email_templates_empty_initially" time="0.490" /><testcase classname="backend.tests.test_phase5_features.TestEmailTemplatesCRUD" name="test_create_email_template" time="0.104" /><testcase classname="backend.tests.test_phase5_features.TestEmailTemplatesCRUD" name="test_get_single_email_template" time="0.314" /><testcase classname="backend.tests.test_phase5_features.TestEmailTemplatesCRUD" name="test_update_email_template" time="0.474" /><testcase classname="backend.tests.test_phase5_features.TestEmailTemplatesCRUD" name="test_delete_email_template" time="0.328" /><testcase classname="backend.tests.test_phase5_features.TestPersonalGreetingField" name="test_create_guest_with_personal_greeting" time="0.539" /><testcase classname="backend.tests.test_phase5_features.TestPersonalGreetingField" name="test_update_guest_personal_greeting" time="0.250" /><testcase classname="backend.tests.test_phase5_features.TestPersonalGreetingField" name="test_guest_list_includes_personal_greeting" time="0.317" /><testcase classname="backend.tests.test_phase5_features.TestGroupCheckin" name="test_group_checkin_checks_in_all" time="1.095" /><testcase classname="backend.tests.test_phase5_features.TestGroupCheckin" name="test_group_checkin_no_companions" time="0.515" /><testcase classname="backend.tests.test_phase5_features.TestCleanup" name="test_cleanup_test_templates" time="0.542" /></testsuite></testsuites>