<?xml version="1.0" encoding="utf-8"?><testsuites name="pytest tests"><testsuite name="pytest" errors="0" failures="0" skipped="0" tests="15" time="2.145" timestamp="2026-03-19T16:11:18.697272+00:00" hostname="agent-env-f75d7b02-73e4-480c-b2eb-a6369f2e85f6"><testcase classname="backend.tests.test_tischplanung.TestAuth" name="test_register_duplicate" time="0.603" /><testcase classname="backend.tests.test_tischplanung.TestAuth" name="test_login_success" time="0.276" /><testcase classname="backend.tests.test_tischplanung.TestAuth" name="test_login_invalid" time="0.056" /><testcase classname="backend.tests.test_tischplanung.TestAuth" name="test_me" time="0.373" /><testcase classname="backend.tests.test_tischplanung.TestEvents" name="test_create_event" time="0.079" /><testcase classname="backend.tests.test_tischplanung.TestEvents" name="test_list_events" time="0.053" /><testcase classname="backend.tests.test_tischplanung.TestEvents" name="test_get_event" time="0.052" /><testcase classname="backend.tests.test_tischplanung.TestEvents" name="test_update_event" time="0.057" /><testcase classname="backend.tests.test_tischplanung.TestGuests" name="test_add_guest" time="0.078" /><testcase classname="backend.tests.test_tischplanung.TestGuests" name="test_list_guests" time="0.051" /><testcase classname="backend.tests.test_tischplanung.TestGuests" name="test_delete_guest" time="0.052" /><testcase classname="backend.tests.test_tischplanung.TestSeating" name="test_get_seating_empty" time="0.054" /><testcase classname="backend.tests.test_tischplanung.TestSeating" name="test_save_seating" time="0.084" /><testcase classname="backend.tests.test_tischplanung.TestSeating" name="test_get_seating_after_save" time="0.048" /><testcase classname="backend.tests.test_tischplanung.TestCleanup" name="test_delete_event" time="0.047" /></testsuite></testsuites>